<?xml version="1.0" encoding="UTF-8"?>
<testng-results ignored="0" total="22" passed="17" failed="5" skipped="0">
  <reporter-output>
  </reporter-output>
  <suite started-at="2024-11-14T00:52:22 IST" name="Default suite" finished-at="2024-11-14T00:57:00 IST" duration-ms="277734">
    <groups>
      <group name="cucumber">
        <method signature="AbstractTestNGCucumberTests.runScenario(io.cucumber.testng.PickleWrapper,io.cucumber.testng.FeatureWrapper)[pri:0, instance:com.OrangeHRM.TestNG_Cucumber_Runner.Runner@5e0e82ae]" name="runScenario" class="io.cucumber.testng.AbstractTestNGCucumberTests"/>
      </group> <!-- cucumber -->
    </groups>
    <test started-at="2024-11-14T00:52:22 IST" name="Default test" finished-at="2024-11-14T00:57:00 IST" duration-ms="277734">
      <class name="com.OrangeHRM.TestNG_Cucumber_Runner.Runner">
        <test-method is-config="true" signature="setUpClass(org.testng.ITestContext)[pri:0, instance:com.OrangeHRM.TestNG_Cucumber_Runner.Runner@5e0e82ae]" started-at="2024-11-14T00:52:22 IST" name="setUpClass" finished-at="2024-11-14T00:52:23 IST" duration-ms="592" status="PASS">
          <params>
            <param index="0">
              <value>
                <![CDATA[org.testng.TestRunner@1fc5c0b2]]>
              </value>
            </param>
          </params>
          <reporter-output>
          </reporter-output>
        </test-method> <!-- setUpClass -->
        <test-method signature="runScenario(io.cucumber.testng.PickleWrapper,io.cucumber.testng.FeatureWrapper)[pri:0, instance:com.OrangeHRM.TestNG_Cucumber_Runner.Runner@5e0e82ae]" started-at="2024-11-14T00:52:23 IST" name="runScenario" description="Runs Cucumber Scenarios" data-provider="scenarios" finished-at="2024-11-14T00:52:52 IST" duration-ms="29607" status="FAIL">
          <params>
            <param index="0">
              <value>
                <![CDATA["Verify Posting a Buzz with an Image"]]>
              </value>
            </param>
            <param index="1">
              <value>
                <![CDATA["Buzz Functionality"]]>
              </value>
            </param>
          </params>
          <exception class="java.lang.AssertionError">
            <message>
              <![CDATA[Failed to upload image expected [true] but found [false]]]>
            </message>
            <full-stacktrace>
              <![CDATA[java.lang.AssertionError: Failed to upload image expected [true] but found [false]
at org.testng.Assert.fail(Assert.java:110)
at org.testng.Assert.failNotEquals(Assert.java:1577)
at org.testng.Assert.assertTrue(Assert.java:56)
at com.OrangeHRM.StepDefinitions.StepImplementation.user_selects_an_image_to_upload(StepImplementation.java:300)
at ✽.User selects an image to upload(file:///D:/All%20Desktop%20folders/BDD%20Cucumber/Cucumber%20Self%20Practice/CucumberBitesBackAtOrangeHRM/src/test/java/com/OrangeHRM/FeatureFiles/BuzzFunctionality.feature:11)
]]>
            </full-stacktrace>
          </exception> <!-- java.lang.AssertionError -->
          <reporter-output>
          </reporter-output>
        </test-method> <!-- runScenario -->
        <test-method signature="runScenario(io.cucumber.testng.PickleWrapper,io.cucumber.testng.FeatureWrapper)[pri:0, instance:com.OrangeHRM.TestNG_Cucumber_Runner.Runner@5e0e82ae]" started-at="2024-11-14T00:52:52 IST" name="runScenario" description="Runs Cucumber Scenarios" data-provider="scenarios" finished-at="2024-11-14T00:53:07 IST" duration-ms="14977" status="FAIL">
          <params>
            <param index="0">
              <value>
                <![CDATA["Verify Posting an Empty Buzz"]]>
              </value>
            </param>
            <param index="1">
              <value>
                <![CDATA["Buzz Functionality"]]>
              </value>
            </param>
          </params>
          <exception class="java.lang.AssertionError">
            <message>
              <![CDATA[Post button is not disable for empty post text expected [false] but found [true]]]>
            </message>
            <full-stacktrace>
              <![CDATA[java.lang.AssertionError: Post button is not disable for empty post text expected [false] but found [true]
at org.testng.Assert.fail(Assert.java:110)
at org.testng.Assert.failNotEquals(Assert.java:1577)
at org.testng.Assert.assertFalse(Assert.java:78)
at com.OrangeHRM.StepDefinitions.StepImplementation.the_button_should_be_disabled(StepImplementation.java:313)
at ✽.The "Post" button should be disabled(file:///D:/All%20Desktop%20folders/BDD%20Cucumber/Cucumber%20Self%20Practice/CucumberBitesBackAtOrangeHRM/src/test/java/com/OrangeHRM/FeatureFiles/BuzzFunctionality.feature:17)
]]>
            </full-stacktrace>
          </exception> <!-- java.lang.AssertionError -->
          <reporter-output>
          </reporter-output>
        </test-method> <!-- runScenario -->
        <test-method signature="runScenario(io.cucumber.testng.PickleWrapper,io.cucumber.testng.FeatureWrapper)[pri:0, instance:com.OrangeHRM.TestNG_Cucumber_Runner.Runner@5e0e82ae]" started-at="2024-11-14T00:53:07 IST" name="runScenario" description="Runs Cucumber Scenarios" data-provider="scenarios" finished-at="2024-11-14T00:53:18 IST" duration-ms="10778" status="PASS">
          <params>
            <param index="0">
              <value>
                <![CDATA["Verify Display of Recently Posted Buzz"]]>
              </value>
            </param>
            <param index="1">
              <value>
                <![CDATA["Buzz Functionality"]]>
              </value>
            </param>
          </params>
          <reporter-output>
          </reporter-output>
        </test-method> <!-- runScenario -->
        <test-method signature="runScenario(io.cucumber.testng.PickleWrapper,io.cucumber.testng.FeatureWrapper)[pri:0, instance:com.OrangeHRM.TestNG_Cucumber_Runner.Runner@5e0e82ae]" started-at="2024-11-14T00:53:18 IST" name="runScenario" description="Runs Cucumber Scenarios" data-provider="scenarios" finished-at="2024-11-14T00:53:31 IST" duration-ms="12755" status="PASS">
          <params>
            <param index="0">
              <value>
                <![CDATA["Verify Adding a Comment to a Newsfeed Post"]]>
              </value>
            </param>
            <param index="1">
              <value>
                <![CDATA["Buzz Functionality"]]>
              </value>
            </param>
          </params>
          <reporter-output>
          </reporter-output>
        </test-method> <!-- runScenario -->
        <test-method signature="runScenario(io.cucumber.testng.PickleWrapper,io.cucumber.testng.FeatureWrapper)[pri:0, instance:com.OrangeHRM.TestNG_Cucumber_Runner.Runner@5e0e82ae]" started-at="2024-11-14T00:53:31 IST" name="runScenario" description="Runs Cucumber Scenarios" data-provider="scenarios" finished-at="2024-11-14T00:53:42 IST" duration-ms="11216" status="PASS">
          <params>
            <param index="0">
              <value>
                <![CDATA["Verify Liking a Newsfeed Post"]]>
              </value>
            </param>
            <param index="1">
              <value>
                <![CDATA["Buzz Functionality"]]>
              </value>
            </param>
          </params>
          <reporter-output>
          </reporter-output>
        </test-method> <!-- runScenario -->
        <test-method signature="runScenario(io.cucumber.testng.PickleWrapper,io.cucumber.testng.FeatureWrapper)[pri:0, instance:com.OrangeHRM.TestNG_Cucumber_Runner.Runner@5e0e82ae]" started-at="2024-11-14T00:53:42 IST" name="runScenario" description="Runs Cucumber Scenarios" data-provider="scenarios" finished-at="2024-11-14T00:53:54 IST" duration-ms="11738" status="PASS">
          <params>
            <param index="0">
              <value>
                <![CDATA["Validate Contact Number Display"]]>
              </value>
            </param>
            <param index="1">
              <value>
                <![CDATA["Directory Functionality"]]>
              </value>
            </param>
          </params>
          <reporter-output>
          </reporter-output>
        </test-method> <!-- runScenario -->
        <test-method signature="runScenario(io.cucumber.testng.PickleWrapper,io.cucumber.testng.FeatureWrapper)[pri:0, instance:com.OrangeHRM.TestNG_Cucumber_Runner.Runner@5e0e82ae]" started-at="2024-11-14T00:53:54 IST" name="runScenario" description="Runs Cucumber Scenarios" data-provider="scenarios" finished-at="2024-11-14T00:54:05 IST" duration-ms="11720" status="PASS">
          <params>
            <param index="0">
              <value>
                <![CDATA["Confirm Work Email Visibility"]]>
              </value>
            </param>
            <param index="1">
              <value>
                <![CDATA["Directory Functionality"]]>
              </value>
            </param>
          </params>
          <reporter-output>
          </reporter-output>
        </test-method> <!-- runScenario -->
        <test-method signature="runScenario(io.cucumber.testng.PickleWrapper,io.cucumber.testng.FeatureWrapper)[pri:0, instance:com.OrangeHRM.TestNG_Cucumber_Runner.Runner@5e0e82ae]" started-at="2024-11-14T00:54:05 IST" name="runScenario" description="Runs Cucumber Scenarios" data-provider="scenarios" finished-at="2024-11-14T00:54:25 IST" duration-ms="19434" status="FAIL">
          <params>
            <param index="0">
              <value>
                <![CDATA["Test Call Functionality"]]>
              </value>
            </param>
            <param index="1">
              <value>
                <![CDATA["Directory Functionality"]]>
              </value>
            </param>
          </params>
          <exception class="java.lang.AssertionError">
            <message>
              <![CDATA[Alert automation failed expected [true] but found [false]]]>
            </message>
            <full-stacktrace>
              <![CDATA[java.lang.AssertionError: Alert automation failed expected [true] but found [false]
at org.testng.Assert.fail(Assert.java:110)
at org.testng.Assert.failNotEquals(Assert.java:1577)
at org.testng.Assert.assertTrue(Assert.java:56)
at com.OrangeHRM.StepDefinitions.StepImplementation.a_pop_up_message_should_be_displayed(StepImplementation.java:203)
at ✽.A pop-up message should be displayed(file:///D:/All%20Desktop%20folders/BDD%20Cucumber/Cucumber%20Self%20Practice/CucumberBitesBackAtOrangeHRM/src/test/java/com/OrangeHRM/FeatureFiles/DirectoryFunctionality.feature:27)
]]>
            </full-stacktrace>
          </exception> <!-- java.lang.AssertionError -->
          <reporter-output>
          </reporter-output>
        </test-method> <!-- runScenario -->
        <test-method signature="runScenario(io.cucumber.testng.PickleWrapper,io.cucumber.testng.FeatureWrapper)[pri:0, instance:com.OrangeHRM.TestNG_Cucumber_Runner.Runner@5e0e82ae]" started-at="2024-11-14T00:54:25 IST" name="runScenario" description="Runs Cucumber Scenarios" data-provider="scenarios" finished-at="2024-11-14T00:54:37 IST" duration-ms="12178" status="FAIL">
          <params>
            <param index="0">
              <value>
                <![CDATA["Verify Password Reset Functionality with a Valid Username"]]>
              </value>
            </param>
            <param index="1">
              <value>
                <![CDATA["OrangeHRM Password Reset Functionality"]]>
              </value>
            </param>
          </params>
          <exception class="java.lang.AssertionError">
            <message>
              <![CDATA[expected [true] but found [false]]]>
            </message>
            <full-stacktrace>
              <![CDATA[java.lang.AssertionError: expected [true] but found [false]
at org.testng.Assert.fail(Assert.java:110)
at org.testng.Assert.failNotEquals(Assert.java:1577)
at org.testng.Assert.assertTrue(Assert.java:56)
at org.testng.Assert.assertTrue(Assert.java:66)
at com.OrangeHRM.StepDefinitions.StepImplementation.user_should_receive_a_password_reset_link(StepImplementation.java:88)
at ✽.User should receive a password reset link(file:///D:/All%20Desktop%20folders/BDD%20Cucumber/Cucumber%20Self%20Practice/CucumberBitesBackAtOrangeHRM/src/test/java/com/OrangeHRM/FeatureFiles/ForgotPasswordFunctionality.feature:11)
]]>
            </full-stacktrace>
          </exception> <!-- java.lang.AssertionError -->
          <reporter-output>
          </reporter-output>
        </test-method> <!-- runScenario -->
        <test-method signature="runScenario(io.cucumber.testng.PickleWrapper,io.cucumber.testng.FeatureWrapper)[pri:0, instance:com.OrangeHRM.TestNG_Cucumber_Runner.Runner@5e0e82ae]" started-at="2024-11-14T00:54:37 IST" name="runScenario" description="Runs Cucumber Scenarios" data-provider="scenarios" finished-at="2024-11-14T00:54:54 IST" duration-ms="17138" status="PASS">
          <params>
            <param index="0">
              <value>
                <![CDATA["Verify Password Reset Process When Username Field is Left Empty"]]>
              </value>
            </param>
            <param index="1">
              <value>
                <![CDATA["OrangeHRM Password Reset Functionality"]]>
              </value>
            </param>
          </params>
          <reporter-output>
          </reporter-output>
        </test-method> <!-- runScenario -->
        <test-method signature="runScenario(io.cucumber.testng.PickleWrapper,io.cucumber.testng.FeatureWrapper)[pri:0, instance:com.OrangeHRM.TestNG_Cucumber_Runner.Runner@5e0e82ae]" started-at="2024-11-14T00:54:54 IST" name="runScenario" description="Runs Cucumber Scenarios" data-provider="scenarios" finished-at="2024-11-14T00:55:06 IST" duration-ms="12048" status="FAIL">
          <params>
            <param index="0">
              <value>
                <![CDATA["Verify Password Reset Functionality with an Invalid Username"]]>
              </value>
            </param>
            <param index="1">
              <value>
                <![CDATA["OrangeHRM Password Reset Functionality"]]>
              </value>
            </param>
          </params>
          <exception class="java.lang.AssertionError">
            <message>
              <![CDATA[expected [true] but found [false]]]>
            </message>
            <full-stacktrace>
              <![CDATA[java.lang.AssertionError: expected [true] but found [false]
at org.testng.Assert.fail(Assert.java:110)
at org.testng.Assert.failNotEquals(Assert.java:1577)
at org.testng.Assert.assertTrue(Assert.java:56)
at org.testng.Assert.assertTrue(Assert.java:66)
at com.OrangeHRM.StepDefinitions.StepImplementation.user_should_see_an_invalid_user_error_message(StepImplementation.java:98)
at ✽.User should see an invalid user error message: "Invalid username"(file:///D:/All%20Desktop%20folders/BDD%20Cucumber/Cucumber%20Self%20Practice/CucumberBitesBackAtOrangeHRM/src/test/java/com/OrangeHRM/FeatureFiles/ForgotPasswordFunctionality.feature:24)
]]>
            </full-stacktrace>
          </exception> <!-- java.lang.AssertionError -->
          <reporter-output>
          </reporter-output>
        </test-method> <!-- runScenario -->
        <test-method signature="runScenario(io.cucumber.testng.PickleWrapper,io.cucumber.testng.FeatureWrapper)[pri:0, instance:com.OrangeHRM.TestNG_Cucumber_Runner.Runner@5e0e82ae]" started-at="2024-11-14T00:55:06 IST" name="runScenario" description="Runs Cucumber Scenarios" data-provider="scenarios" finished-at="2024-11-14T00:55:15 IST" duration-ms="9268" status="PASS">
          <params>
            <param index="0">
              <value>
                <![CDATA["Verify User Navigation Upon Clicking the Cancel Button"]]>
              </value>
            </param>
            <param index="1">
              <value>
                <![CDATA["OrangeHRM Password Reset Functionality"]]>
              </value>
            </param>
          </params>
          <reporter-output>
          </reporter-output>
        </test-method> <!-- runScenario -->
        <test-method signature="runScenario(io.cucumber.testng.PickleWrapper,io.cucumber.testng.FeatureWrapper)[pri:0, instance:com.OrangeHRM.TestNG_Cucumber_Runner.Runner@5e0e82ae]" started-at="2024-11-14T00:55:15 IST" name="runScenario" description="Runs Cucumber Scenarios" data-provider="scenarios" finished-at="2024-11-14T00:55:26 IST" duration-ms="10658" status="PASS">
          <params>
            <param index="0">
              <value>
                <![CDATA["Validate Employee ID Update Functionality"]]>
              </value>
            </param>
            <param index="1">
              <value>
                <![CDATA["Profile Update Functionality"]]>
              </value>
            </param>
          </params>
          <reporter-output>
          </reporter-output>
        </test-method> <!-- runScenario -->
        <test-method signature="runScenario(io.cucumber.testng.PickleWrapper,io.cucumber.testng.FeatureWrapper)[pri:0, instance:com.OrangeHRM.TestNG_Cucumber_Runner.Runner@5e0e82ae]" started-at="2024-11-14T00:55:26 IST" name="runScenario" description="Runs Cucumber Scenarios" data-provider="scenarios" finished-at="2024-11-14T00:55:37 IST" duration-ms="11004" status="PASS">
          <params>
            <param index="0">
              <value>
                <![CDATA["Validate Date of Birth Update Functionality"]]>
              </value>
            </param>
            <param index="1">
              <value>
                <![CDATA["Profile Update Functionality"]]>
              </value>
            </param>
          </params>
          <reporter-output>
          </reporter-output>
        </test-method> <!-- runScenario -->
        <test-method signature="runScenario(io.cucumber.testng.PickleWrapper,io.cucumber.testng.FeatureWrapper)[pri:0, instance:com.OrangeHRM.TestNG_Cucumber_Runner.Runner@5e0e82ae]" started-at="2024-11-14T00:55:37 IST" name="runScenario" description="Runs Cucumber Scenarios" data-provider="scenarios" finished-at="2024-11-14T00:55:49 IST" duration-ms="11966" status="PASS">
          <params>
            <param index="0">
              <value>
                <![CDATA["Validate Gender Update Functionality"]]>
              </value>
            </param>
            <param index="1">
              <value>
                <![CDATA["Profile Update Functionality"]]>
              </value>
            </param>
          </params>
          <reporter-output>
          </reporter-output>
        </test-method> <!-- runScenario -->
        <test-method signature="runScenario(io.cucumber.testng.PickleWrapper,io.cucumber.testng.FeatureWrapper)[pri:0, instance:com.OrangeHRM.TestNG_Cucumber_Runner.Runner@5e0e82ae]" started-at="2024-11-14T00:55:49 IST" name="runScenario" description="Runs Cucumber Scenarios" data-provider="scenarios" finished-at="2024-11-14T00:55:59 IST" duration-ms="9698" status="PASS">
          <params>
            <param index="0">
              <value>
                <![CDATA["Successful Login with Valid Credentials"]]>
              </value>
            </param>
            <param index="1">
              <value>
                <![CDATA["OrangeHRM Login Functionality"]]>
              </value>
            </param>
          </params>
          <reporter-output>
          </reporter-output>
        </test-method> <!-- runScenario -->
        <test-method signature="runScenario(io.cucumber.testng.PickleWrapper,io.cucumber.testng.FeatureWrapper)[pri:0, instance:com.OrangeHRM.TestNG_Cucumber_Runner.Runner@5e0e82ae]" started-at="2024-11-14T00:55:59 IST" name="runScenario" description="Runs Cucumber Scenarios" data-provider="scenarios" finished-at="2024-11-14T00:56:08 IST" duration-ms="9300" status="PASS">
          <params>
            <param index="0">
              <value>
                <![CDATA["Login Error Message with Invalid Credentials"]]>
              </value>
            </param>
            <param index="1">
              <value>
                <![CDATA["OrangeHRM Login Functionality"]]>
              </value>
            </param>
          </params>
          <reporter-output>
          </reporter-output>
        </test-method> <!-- runScenario -->
        <test-method signature="runScenario(io.cucumber.testng.PickleWrapper,io.cucumber.testng.FeatureWrapper)[pri:0, instance:com.OrangeHRM.TestNG_Cucumber_Runner.Runner@5e0e82ae]" started-at="2024-11-14T00:56:08 IST" name="runScenario" description="Runs Cucumber Scenarios" data-provider="scenarios" finished-at="2024-11-14T00:56:16 IST" duration-ms="7501" status="PASS">
          <params>
            <param index="0">
              <value>
                <![CDATA["Login Error Handling for Missing Username"]]>
              </value>
            </param>
            <param index="1">
              <value>
                <![CDATA["OrangeHRM Login Functionality"]]>
              </value>
            </param>
          </params>
          <reporter-output>
          </reporter-output>
        </test-method> <!-- runScenario -->
        <test-method signature="runScenario(io.cucumber.testng.PickleWrapper,io.cucumber.testng.FeatureWrapper)[pri:0, instance:com.OrangeHRM.TestNG_Cucumber_Runner.Runner@5e0e82ae]" started-at="2024-11-14T00:56:16 IST" name="runScenario" description="Runs Cucumber Scenarios" data-provider="scenarios" finished-at="2024-11-14T00:56:23 IST" duration-ms="7474" status="PASS">
          <params>
            <param index="0">
              <value>
                <![CDATA["Login Error Handling for Missing Password"]]>
              </value>
            </param>
            <param index="1">
              <value>
                <![CDATA["OrangeHRM Login Functionality"]]>
              </value>
            </param>
          </params>
          <reporter-output>
          </reporter-output>
        </test-method> <!-- runScenario -->
        <test-method signature="runScenario(io.cucumber.testng.PickleWrapper,io.cucumber.testng.FeatureWrapper)[pri:0, instance:com.OrangeHRM.TestNG_Cucumber_Runner.Runner@5e0e82ae]" started-at="2024-11-14T00:56:23 IST" name="runScenario" description="Runs Cucumber Scenarios" data-provider="scenarios" finished-at="2024-11-14T00:56:35 IST" duration-ms="11625" status="PASS">
          <params>
            <param index="0">
              <value>
                <![CDATA["Verify Password Change with No Input Provided"]]>
              </value>
            </param>
            <param index="1">
              <value>
                <![CDATA["Password Change Functionality"]]>
              </value>
            </param>
          </params>
          <reporter-output>
          </reporter-output>
        </test-method> <!-- runScenario -->
        <test-method signature="runScenario(io.cucumber.testng.PickleWrapper,io.cucumber.testng.FeatureWrapper)[pri:0, instance:com.OrangeHRM.TestNG_Cucumber_Runner.Runner@5e0e82ae]" started-at="2024-11-14T00:56:35 IST" name="runScenario" description="Runs Cucumber Scenarios" data-provider="scenarios" finished-at="2024-11-14T00:56:47 IST" duration-ms="11933" status="PASS">
          <params>
            <param index="0">
              <value>
                <![CDATA["Verify Password Change When New Password and Confirm Password Do Not Match"]]>
              </value>
            </param>
            <param index="1">
              <value>
                <![CDATA["Password Change Functionality"]]>
              </value>
            </param>
          </params>
          <reporter-output>
          </reporter-output>
        </test-method> <!-- runScenario -->
        <test-method signature="runScenario(io.cucumber.testng.PickleWrapper,io.cucumber.testng.FeatureWrapper)[pri:0, instance:com.OrangeHRM.TestNG_Cucumber_Runner.Runner@5e0e82ae]" started-at="2024-11-14T00:56:47 IST" name="runScenario" description="Runs Cucumber Scenarios" data-provider="scenarios" finished-at="2024-11-14T00:57:00 IST" duration-ms="12983" status="PASS">
          <params>
            <param index="0">
              <value>
                <![CDATA["Verify Password Change Using an Incorrect Current Password"]]>
              </value>
            </param>
            <param index="1">
              <value>
                <![CDATA["Password Change Functionality"]]>
              </value>
            </param>
          </params>
          <reporter-output>
          </reporter-output>
        </test-method> <!-- runScenario -->
        <test-method is-config="true" signature="tearDownClass()[pri:0, instance:com.OrangeHRM.TestNG_Cucumber_Runner.Runner@5e0e82ae]" started-at="2024-11-14T00:57:00 IST" name="tearDownClass" finished-at="2024-11-14T00:57:00 IST" duration-ms="83" status="PASS">
          <reporter-output>
          </reporter-output>
        </test-method> <!-- tearDownClass -->
      </class> <!-- com.OrangeHRM.TestNG_Cucumber_Runner.Runner -->
    </test> <!-- Default test -->
  </suite> <!-- Default suite -->
</testng-results>
