<?xml version="1.0" encoding="UTF-8"?>
<!-- Generated by org.testng.reporters.JUnitReportReporter -->
<testsuite hostname="PREDATOR" failures="5" tests="22" name="com.OrangeHRM.TestNG_Cucumber_Runner.Runner" time="276.999" errors="0" timestamp="2024-11-14T00:57:00 IST" skipped="0">
  <testcase classname="com.OrangeHRM.TestNG_Cucumber_Runner.Runner" name="runScenario" time="12.048">
    <failure message="expected [true] but found [false]" type="java.lang.AssertionError">
      <![CDATA[java.lang.AssertionError: expected [true] but found [false]
at org.testng.Assert.fail(Assert.java:110)
at org.testng.Assert.failNotEquals(Assert.java:1577)
at org.testng.Assert.assertTrue(Assert.java:56)
at org.testng.Assert.assertTrue(Assert.java:66)
at com.OrangeHRM.StepDefinitions.StepImplementation.user_should_see_an_invalid_user_error_message(StepImplementation.java:98)
at ✽.User should see an invalid user error message: "Invalid username"(file:///D:/All%20Desktop%20folders/BDD%20Cucumber/Cucumber%20Self%20Practice/CucumberBitesBackAtOrangeHRM/src/test/java/com/OrangeHRM/FeatureFiles/ForgotPasswordFunctionality.feature:24)
]]>
    </failure>
  </testcase> <!-- runScenario -->
  <system-out/>
  <testcase classname="com.OrangeHRM.TestNG_Cucumber_Runner.Runner" name="runScenario" time="11.966"/>
  <system-out/>
  <testcase classname="com.OrangeHRM.TestNG_Cucumber_Runner.Runner" name="runScenario" time="7.501"/>
  <system-out/>
  <testcase classname="com.OrangeHRM.TestNG_Cucumber_Runner.Runner" name="runScenario" time="10.658"/>
  <system-out/>
  <testcase classname="com.OrangeHRM.TestNG_Cucumber_Runner.Runner" name="runScenario" time="19.434">
    <failure message="Alert automation failed expected [true] but found [false]" type="java.lang.AssertionError">
      <![CDATA[java.lang.AssertionError: Alert automation failed expected [true] but found [false]
at org.testng.Assert.fail(Assert.java:110)
at org.testng.Assert.failNotEquals(Assert.java:1577)
at org.testng.Assert.assertTrue(Assert.java:56)
at com.OrangeHRM.StepDefinitions.StepImplementation.a_pop_up_message_should_be_displayed(StepImplementation.java:203)
at ✽.A pop-up message should be displayed(file:///D:/All%20Desktop%20folders/BDD%20Cucumber/Cucumber%20Self%20Practice/CucumberBitesBackAtOrangeHRM/src/test/java/com/OrangeHRM/FeatureFiles/DirectoryFunctionality.feature:27)
]]>
    </failure>
  </testcase> <!-- runScenario -->
  <system-out/>
  <testcase classname="com.OrangeHRM.TestNG_Cucumber_Runner.Runner" name="runScenario" time="17.138"/>
  <system-out/>
  <testcase classname="com.OrangeHRM.TestNG_Cucumber_Runner.Runner" name="runScenario" time="10.778"/>
  <system-out/>
  <testcase classname="com.OrangeHRM.TestNG_Cucumber_Runner.Runner" name="runScenario" time="11.720"/>
  <system-out/>
  <testcase classname="com.OrangeHRM.TestNG_Cucumber_Runner.Runner" name="runScenario" time="11.933"/>
  <system-out/>
  <testcase classname="com.OrangeHRM.TestNG_Cucumber_Runner.Runner" name="runScenario" time="9.268"/>
  <system-out/>
  <testcase classname="com.OrangeHRM.TestNG_Cucumber_Runner.Runner" name="runScenario" time="7.474"/>
  <system-out/>
  <testcase classname="com.OrangeHRM.TestNG_Cucumber_Runner.Runner" name="runScenario" time="12.983"/>
  <system-out/>
  <testcase classname="com.OrangeHRM.TestNG_Cucumber_Runner.Runner" name="runScenario" time="11.004"/>
  <system-out/>
  <testcase classname="com.OrangeHRM.TestNG_Cucumber_Runner.Runner" name="runScenario" time="12.178">
    <failure message="expected [true] but found [false]" type="java.lang.AssertionError">
      <![CDATA[java.lang.AssertionError: expected [true] but found [false]
at org.testng.Assert.fail(Assert.java:110)
at org.testng.Assert.failNotEquals(Assert.java:1577)
at org.testng.Assert.assertTrue(Assert.java:56)
at org.testng.Assert.assertTrue(Assert.java:66)
at com.OrangeHRM.StepDefinitions.StepImplementation.user_should_receive_a_password_reset_link(StepImplementation.java:88)
at ✽.User should receive a password reset link(file:///D:/All%20Desktop%20folders/BDD%20Cucumber/Cucumber%20Self%20Practice/CucumberBitesBackAtOrangeHRM/src/test/java/com/OrangeHRM/FeatureFiles/ForgotPasswordFunctionality.feature:11)
]]>
    </failure>
  </testcase> <!-- runScenario -->
  <system-out/>
  <testcase classname="com.OrangeHRM.TestNG_Cucumber_Runner.Runner" name="runScenario" time="9.300"/>
  <system-out/>
  <testcase classname="com.OrangeHRM.TestNG_Cucumber_Runner.Runner" name="runScenario" time="12.755"/>
  <system-out/>
  <testcase classname="com.OrangeHRM.TestNG_Cucumber_Runner.Runner" name="runScenario" time="14.977">
    <failure message="Post button is not disable for empty post text expected [false] but found [true]" type="java.lang.AssertionError">
      <![CDATA[java.lang.AssertionError: Post button is not disable for empty post text expected [false] but found [true]
at org.testng.Assert.fail(Assert.java:110)
at org.testng.Assert.failNotEquals(Assert.java:1577)
at org.testng.Assert.assertFalse(Assert.java:78)
at com.OrangeHRM.StepDefinitions.StepImplementation.the_button_should_be_disabled(StepImplementation.java:313)
at ✽.The "Post" button should be disabled(file:///D:/All%20Desktop%20folders/BDD%20Cucumber/Cucumber%20Self%20Practice/CucumberBitesBackAtOrangeHRM/src/test/java/com/OrangeHRM/FeatureFiles/BuzzFunctionality.feature:17)
]]>
    </failure>
  </testcase> <!-- runScenario -->
  <system-out/>
  <testcase classname="com.OrangeHRM.TestNG_Cucumber_Runner.Runner" name="runScenario" time="11.738"/>
  <system-out/>
  <testcase classname="com.OrangeHRM.TestNG_Cucumber_Runner.Runner" name="runScenario" time="11.216"/>
  <system-out/>
  <testcase classname="com.OrangeHRM.TestNG_Cucumber_Runner.Runner" name="runScenario" time="9.698"/>
  <system-out/>
  <testcase classname="com.OrangeHRM.TestNG_Cucumber_Runner.Runner" name="runScenario" time="11.625"/>
  <system-out/>
  <testcase classname="com.OrangeHRM.TestNG_Cucumber_Runner.Runner" name="runScenario" time="29.607">
    <failure message="Failed to upload image expected [true] but found [false]" type="java.lang.AssertionError">
      <![CDATA[java.lang.AssertionError: Failed to upload image expected [true] but found [false]
at org.testng.Assert.fail(Assert.java:110)
at org.testng.Assert.failNotEquals(Assert.java:1577)
at org.testng.Assert.assertTrue(Assert.java:56)
at com.OrangeHRM.StepDefinitions.StepImplementation.user_selects_an_image_to_upload(StepImplementation.java:300)
at ✽.User selects an image to upload(file:///D:/All%20Desktop%20folders/BDD%20Cucumber/Cucumber%20Self%20Practice/CucumberBitesBackAtOrangeHRM/src/test/java/com/OrangeHRM/FeatureFiles/BuzzFunctionality.feature:11)
]]>
    </failure>
  </testcase> <!-- runScenario -->
  <system-out/>
</testsuite> <!-- com.OrangeHRM.TestNG_Cucumber_Runner.Runner -->
