<?xml version="1.0" encoding="UTF-8"?>
<!-- Generated by org.testng.reporters.JUnitReportReporter -->
<testsuite hostname="PREDATOR" failures="0" tests="1" name="com.OrangeHRM.TestNG_Cucumber_Runner.AccessGenerator" time="12.994" errors="0" timestamp="2024-11-13T23:34:50 IST" skipped="0">
  <testcase classname="com.OrangeHRM.TestNG_Cucumber_Runner.AccessGenerator" name="GenerateIdPassword" time="12.994"/>
  <system-out/>
</testsuite> <!-- com.OrangeHRM.TestNG_Cucumber_Runner.AccessGenerator -->
